<?xml version="1.0" encoding="UTF-8"?>
<!-- Generated by org.testng.reporters.JUnitXMLReporter -->
<<<<<<< HEAD
<testsuite hostname="abc-PC" ignored="0" name="Default test" tests="3" failures="2" timestamp="18 Oct 2020 08:05:50 GMT" time="44.521" errors="0">
  <testcase name="bisNameTextBoxClickableTest" time="10.253" classname="com.ijmeet.functionaltests.ContactSalesTest">
    <failure type="java.lang.AssertionError" message="expected [Deepak Dudet] but found [Deepak Dude]">
      <![CDATA[java.lang.AssertionError: expected [Deepak Dudet] but found [Deepak Dude]
at org.testng.Assert.fail(Assert.java:96)
at org.testng.Assert.failNotEquals(Assert.java:776)
at org.testng.Assert.assertEqualsImpl(Assert.java:137)
at org.testng.Assert.assertEquals(Assert.java:118)
at org.testng.Assert.assertEquals(Assert.java:453)
at org.testng.Assert.assertEquals(Assert.java:463)
at com.ijmeet.functionaltests.ContactSalesTest.bisNameTextBoxClickableTest(ContactSalesTest.java:52)
at sun.reflect.NativeMethodAccessorImpl.invoke0(Native Method)
at sun.reflect.NativeMethodAccessorImpl.invoke(NativeMethodAccessorImpl.java:62)
at sun.reflect.DelegatingMethodAccessorImpl.invoke(DelegatingMethodAccessorImpl.java:43)
at java.lang.reflect.Method.invoke(Method.java:498)
at org.testng.internal.MethodInvocationHelper.invokeMethod(MethodInvocationHelper.java:124)
at org.testng.internal.Invoker.invokeMethod(Invoker.java:583)
at org.testng.internal.Invoker.invokeTestMethod(Invoker.java:719)
at org.testng.internal.Invoker.invokeTestMethods(Invoker.java:989)
at org.testng.internal.TestMethodWorker.invokeTestMethods(TestMethodWorker.java:125)
at org.testng.internal.TestMethodWorker.run(TestMethodWorker.java:109)
at org.testng.TestRunner.privateRun(TestRunner.java:648)
at org.testng.TestRunner.run(TestRunner.java:505)
at org.testng.SuiteRunner.runTest(SuiteRunner.java:455)
at org.testng.SuiteRunner.runSequentially(SuiteRunner.java:450)
at org.testng.SuiteRunner.privateRun(SuiteRunner.java:415)
at org.testng.SuiteRunner.run(SuiteRunner.java:364)
at org.testng.SuiteRunnerWorker.runSuite(SuiteRunnerWorker.java:52)
at org.testng.SuiteRunnerWorker.run(SuiteRunnerWorker.java:84)
at org.testng.TestNG.runSuitesSequentially(TestNG.java:1208)
at org.testng.TestNG.runSuitesLocally(TestNG.java:1137)
at org.testng.TestNG.runSuites(TestNG.java:1049)
at org.testng.TestNG.run(TestNG.java:1017)
at org.testng.remote.AbstractRemoteTestNG.run(AbstractRemoteTestNG.java:115)
at org.testng.remote.RemoteTestNG.initAndRun(RemoteTestNG.java:251)
at org.testng.remote.RemoteTestNG.main(RemoteTestNG.java:77)
]]>
    </failure>
  </testcase> <!-- bisNameTextBoxClickableTest -->
  <testcase name="isNameTextBoxAvailableTest" time="0.002" classname="com.ijmeet.functionaltests.ContactSalesTest">
    <failure type="java.lang.NullPointerException">
      <![CDATA[java.lang.NullPointerException
at com.ijmeet.keywords.Keywords.isElementDisplayed(Keywords.java:127)
at com.ijmeet.pages.ContactSalesPage.isUserNameCheckBoxVisible(ContactSalesPage.java:59)
at com.ijmeet.functionaltests.ContactSalesTest.isNameTextBoxAvailableTest(ContactSalesTest.java:41)
at sun.reflect.NativeMethodAccessorImpl.invoke0(Native Method)
at sun.reflect.NativeMethodAccessorImpl.invoke(NativeMethodAccessorImpl.java:62)
at sun.reflect.DelegatingMethodAccessorImpl.invoke(DelegatingMethodAccessorImpl.java:43)
at java.lang.reflect.Method.invoke(Method.java:498)
at org.testng.internal.MethodInvocationHelper.invokeMethod(MethodInvocationHelper.java:124)
at org.testng.internal.Invoker.invokeMethod(Invoker.java:583)
at org.testng.internal.Invoker.invokeTestMethod(Invoker.java:719)
at org.testng.internal.Invoker.invokeTestMethods(Invoker.java:989)
at org.testng.internal.TestMethodWorker.invokeTestMethods(TestMethodWorker.java:125)
at org.testng.internal.TestMethodWorker.run(TestMethodWorker.java:109)
at org.testng.TestRunner.privateRun(TestRunner.java:648)
at org.testng.TestRunner.run(TestRunner.java:505)
at org.testng.SuiteRunner.runTest(SuiteRunner.java:455)
at org.testng.SuiteRunner.runSequentially(SuiteRunner.java:450)
at org.testng.SuiteRunner.privateRun(SuiteRunner.java:415)
at org.testng.SuiteRunner.run(SuiteRunner.java:364)
at org.testng.SuiteRunnerWorker.runSuite(SuiteRunnerWorker.java:52)
at org.testng.SuiteRunnerWorker.run(SuiteRunnerWorker.java:84)
at org.testng.TestNG.runSuitesSequentially(TestNG.java:1208)
at org.testng.TestNG.runSuitesLocally(TestNG.java:1137)
at org.testng.TestNG.runSuites(TestNG.java:1049)
at org.testng.TestNG.run(TestNG.java:1017)
at org.testng.remote.AbstractRemoteTestNG.run(AbstractRemoteTestNG.java:115)
at org.testng.remote.RemoteTestNG.initAndRun(RemoteTestNG.java:251)
at org.testng.remote.RemoteTestNG.main(RemoteTestNG.java:77)
]]>
    </failure>
  </testcase> <!-- isNameTextBoxAvailableTest -->
  <testcase name="verifyContactSalesPageTest" time="0.017" classname="com.ijmeet.functionaltests.ContactSalesTest"/>
=======
<<<<<<< HEAD
<testsuite hostname="Dell-PC" ignored="0" name="Default test" tests="18" failures="1" timestamp="14 Oct 2020 09:06:17 GMT" time="124.492" errors="0">
  <testcase name="verifyEmailAddressLabelVisibilityTest" time="0.137" classname="com.ijmeet.functionaltests.SignInPageTest"/>
  <testcase name="verifyEmailAddressTextboxVisibilityTest" time="0.131" classname="com.ijmeet.functionaltests.SignInPageTest"/>
  <testcase name="verifyForgotYourPasswordClickabilityTest" time="0.834" classname="com.ijmeet.functionaltests.SignInPageTest"/>
  <testcase name="verifyForgotYourPasswordVisibilityTest" time="5.046" classname="com.ijmeet.functionaltests.SignInPageTest">
=======
<testsuite hostname="abc-PC" ignored="10" name="Default test" tests="1" failures="0" timestamp="14 Oct 2020 09:06:27 GMT" time="44.067" errors="0">
  <testcase name="toVerifyEmailIDText" time="0.083" classname="com.ijmeet.functionaltests.ContactSalesTest"/>
  <testcase name="isEmailTextBoxClickableTest" time="0.0" classname="com.ijmeet.functionaltests.ContactSalesTest">
    <ignored/>
  </testcase> <!-- isEmailTextBoxClickableTest -->
  <testcase name="isNameTextBoxAvailableTest" time="0.0" classname="com.ijmeet.functionaltests.ContactSalesTest">
    <ignored/>
  </testcase> <!-- isNameTextBoxAvailableTest -->
  <testcase name="verifyContactSalesPageTest" time="0.0" classname="com.ijmeet.functionaltests.ContactSalesTest">
    <ignored/>
  </testcase> <!-- verifyContactSalesPageTest -->
  <testcase name="isNameTextBoxClickableTest" time="0.0" classname="com.ijmeet.functionaltests.ContactSalesTest">
    <ignored/>
  </testcase> <!-- isNameTextBoxClickableTest -->
  <testcase name="toVerifyWhatsAppNoText" time="0.0" classname="com.ijmeet.functionaltests.ContactSalesTest">
    <ignored/>
  </testcase> <!-- toVerifyWhatsAppNoText -->
  <testcase name="isEmailTextBoxAvailableTest" time="0.0" classname="com.ijmeet.functionaltests.ContactSalesTest">
    <ignored/>
  </testcase> <!-- isEmailTextBoxAvailableTest -->
  <testcase name="toVerifyAddressText" time="0.0" classname="com.ijmeet.functionaltests.ContactSalesTest">
    <ignored/>
  </testcase> <!-- toVerifyAddressText -->
  <testcase name="isMessageTextBoxAvailableTest" time="0.0" classname="com.ijmeet.functionaltests.ContactSalesTest">
    <ignored/>
  </testcase> <!-- isMessageTextBoxAvailableTest -->
  <testcase name="isMessageTextBoxClickableTest" time="0.0" classname="com.ijmeet.functionaltests.ContactSalesTest">
    <ignored/>
  </testcase> <!-- isMessageTextBoxClickableTest -->
  <testcase name="toVerifyMobileNoText" time="0.0" classname="com.ijmeet.functionaltests.ContactSalesTest">
    <ignored/>
  </testcase> <!-- toVerifyMobileNoText -->
<testsuite hostname="Dell-PC" ignored="0" name="Default test" tests="18" failures="1" timestamp="14 Oct 2020 08:32:51 GMT" time="117.681" errors="0">
  <testcase name="@BeforeMethod clickOnSignInBtn" time="0.031" classname="com.ijmeet.functionaltests.SignInPageTest">
    <failure type="org.openqa.selenium.NoSuchElementException" message="no such element: Unable to locate element: {&amp;quot;method&amp;quot;:&amp;quot;xpath&amp;quot;,&amp;quot;selector&amp;quot;:&amp;quot;//a[@href=&amp;apos;https://ijmeet.com/login&amp;apos;]&amp;quot;}
  (Session info: chrome=86.0.4240.75)
For documentation on this error, please visit: https://www.seleniumhq.org/exceptions/no_such_element.html
Build info: version: &amp;apos;3.141.59&amp;apos;, revision: &amp;apos;e82be7d358&amp;apos;, time: &amp;apos;2018-11-14T08:17:03&amp;apos;
System info: host: &amp;apos;DELL-PC&amp;apos;, ip: &amp;apos;192.168.42.194&amp;apos;, os.name: &amp;apos;Windows 7&amp;apos;, os.arch: &amp;apos;amd64&amp;apos;, os.version: &amp;apos;6.1&amp;apos;, java.version: &amp;apos;1.8.0_181&amp;apos;
Driver info: org.openqa.selenium.chrome.ChromeDriver
Capabilities {acceptInsecureCerts: false, browserName: chrome, browserVersion: 86.0.4240.75, chrome: {chromedriverVersion: 86.0.4240.22 (398b0743353ff..., userDataDir: C:\Users\Dell\AppData\Local...}, goog:chromeOptions: {debuggerAddress: localhost:54758}, javascriptEnabled: true, networkConnectionEnabled: false, pageLoadStrategy: normal, platform: WINDOWS, platformName: WINDOWS, proxy: Proxy(), setWindowRect: true, strictFileInteractability: false, timeouts: {implicit: 0, pageLoad: 300000, script: 30000}, unhandledPromptBehavior: dismiss and notify, webauthn:virtualAuthenticators: true}
Session ID: 3d6088f274be8f129a1f752088aedda0
*** Element info: {Using=xpath, value=//a[@href=&amp;apos;https://ijmeet.com/login&amp;apos;]}">
      <![CDATA[org.openqa.selenium.NoSuchElementException: no such element: Unable to locate element: {"method":"xpath","selector":"//a[@href='https://ijmeet.com/login']"}
  (Session info: chrome=86.0.4240.75)
For documentation on this error, please visit: https://www.seleniumhq.org/exceptions/no_such_element.html
Build info: version: '3.141.59', revision: 'e82be7d358', time: '2018-11-14T08:17:03'
System info: host: 'DELL-PC', ip: '192.168.42.194', os.name: 'Windows 7', os.arch: 'amd64', os.version: '6.1', java.version: '1.8.0_181'
Driver info: org.openqa.selenium.chrome.ChromeDriver
Capabilities {acceptInsecureCerts: false, browserName: chrome, browserVersion: 86.0.4240.75, chrome: {chromedriverVersion: 86.0.4240.22 (398b0743353ff..., userDataDir: C:\Users\Dell\AppData\Local...}, goog:chromeOptions: {debuggerAddress: localhost:54758}, javascriptEnabled: true, networkConnectionEnabled: false, pageLoadStrategy: normal, platform: WINDOWS, platformName: WINDOWS, proxy: Proxy(), setWindowRect: true, strictFileInteractability: false, timeouts: {implicit: 0, pageLoad: 300000, script: 30000}, unhandledPromptBehavior: dismiss and notify, webauthn:virtualAuthenticators: true}
Session ID: 3d6088f274be8f129a1f752088aedda0
*** Element info: {Using=xpath, value=//a[@href='https://ijmeet.com/login']}
at sun.reflect.NativeConstructorAccessorImpl.newInstance0(Native Method)
at sun.reflect.NativeConstructorAccessorImpl.newInstance(NativeConstructorAccessorImpl.java:62)
at sun.reflect.DelegatingConstructorAccessorImpl.newInstance(DelegatingConstructorAccessorImpl.java:45)
at java.lang.reflect.Constructor.newInstance(Constructor.java:423)
at org.openqa.selenium.remote.http.W3CHttpResponseCodec.createException(W3CHttpResponseCodec.java:187)
at org.openqa.selenium.remote.http.W3CHttpResponseCodec.decode(W3CHttpResponseCodec.java:122)
at org.openqa.selenium.remote.http.W3CHttpResponseCodec.decode(W3CHttpResponseCodec.java:49)
at org.openqa.selenium.remote.HttpCommandExecutor.execute(HttpCommandExecutor.java:158)
at org.openqa.selenium.remote.service.DriverCommandExecutor.execute(DriverCommandExecutor.java:83)
at org.openqa.selenium.remote.RemoteWebDriver.execute(RemoteWebDriver.java:552)
at org.openqa.selenium.remote.RemoteWebDriver.findElement(RemoteWebDriver.java:323)
at org.openqa.selenium.remote.RemoteWebDriver.findElementByXPath(RemoteWebDriver.java:428)
at org.openqa.selenium.By$ByXPath.findElement(By.java:353)
at org.openqa.selenium.remote.RemoteWebDriver.findElement(RemoteWebDriver.java:315)
at com.ijmeet.keywords.FEKeywords.getWebElement(FEKeywords.java:44)
at com.ijmeet.keywords.FEKeywords.clickOnElement(FEKeywords.java:73)
at com.ijmeet.functionaltests.SignInPageTest.clickOnSignInBtn(SignInPageTest.java:23)
at sun.reflect.NativeMethodAccessorImpl.invoke0(Native Method)
at sun.reflect.NativeMethodAccessorImpl.invoke(NativeMethodAccessorImpl.java:62)
at sun.reflect.DelegatingMethodAccessorImpl.invoke(DelegatingMethodAccessorImpl.java:43)
at java.lang.reflect.Method.invoke(Method.java:498)
at org.testng.internal.MethodInvocationHelper.invokeMethod(MethodInvocationHelper.java:124)
at org.testng.internal.MethodInvocationHelper.invokeMethodConsideringTimeout(MethodInvocationHelper.java:59)
at org.testng.internal.Invoker.invokeConfigurationMethod(Invoker.java:458)
at org.testng.internal.Invoker.invokeConfigurations(Invoker.java:222)
at org.testng.internal.Invoker.invokeMethod(Invoker.java:523)
at org.testng.internal.Invoker.invokeTestMethod(Invoker.java:719)
at org.testng.internal.Invoker.invokeTestMethods(Invoker.java:989)
at org.testng.internal.TestMethodWorker.invokeTestMethods(TestMethodWorker.java:125)
at org.testng.internal.TestMethodWorker.run(TestMethodWorker.java:109)
at org.testng.TestRunner.privateRun(TestRunner.java:648)
at org.testng.TestRunner.run(TestRunner.java:505)
at org.testng.SuiteRunner.runTest(SuiteRunner.java:455)
at org.testng.SuiteRunner.runSequentially(SuiteRunner.java:450)
at org.testng.SuiteRunner.privateRun(SuiteRunner.java:415)
at org.testng.SuiteRunner.run(SuiteRunner.java:364)
at org.testng.SuiteRunnerWorker.runSuite(SuiteRunnerWorker.java:52)
at org.testng.SuiteRunnerWorker.run(SuiteRunnerWorker.java:84)
at org.testng.TestNG.runSuitesSequentially(TestNG.java:1208)
at org.testng.TestNG.runSuitesLocally(TestNG.java:1137)
at org.testng.TestNG.runSuites(TestNG.java:1049)
at org.testng.TestNG.run(TestNG.java:1017)
at org.testng.remote.AbstractRemoteTestNG.run(AbstractRemoteTestNG.java:115)
at org.testng.remote.RemoteTestNG.initAndRun(RemoteTestNG.java:251)
at org.testng.remote.RemoteTestNG.main(RemoteTestNG.java:77)
]]>
    </failure>
  </testcase> <!-- @BeforeMethod clickOnSignInBtn -->
  <testcase name="@BeforeMethod clickOnSignInBtn" time="0.0" classname="com.ijmeet.functionaltests.SignInPageTest">
    <skipped/>
  </testcase> <!-- @BeforeMethod clickOnSignInBtn -->
  <testcase name="@BeforeMethod clickOnSignInBtn" time="0.0" classname="com.ijmeet.functionaltests.SignInPageTest">
    <skipped/>
  </testcase> <!-- @BeforeMethod clickOnSignInBtn -->
  <testcase name="@BeforeMethod clickOnSignInBtn" time="0.0" classname="com.ijmeet.functionaltests.SignInPageTest">
    <skipped/>
  </testcase> <!-- @BeforeMethod clickOnSignInBtn -->
  <testcase name="@AfterClass closeBrowser" time="0.0" classname="com.ijmeet.util.TestBase">
    <skipped/>
  </testcase> <!-- @AfterClass closeBrowser -->
  <testcase name="verifyEmailAddressLabelVisibilityTest" time="0.146" classname="com.ijmeet.functionaltests.SignInPageTest"/>
  <testcase name="verifyEmailAddressTextboxVisibilityTest" time="0.094" classname="com.ijmeet.functionaltests.SignInPageTest"/>
  <testcase name="verifyForgotYourPasswordClickabilityTest" time="0.969" classname="com.ijmeet.functionaltests.SignInPageTest"/>
  <testcase name="verifyForgotYourPasswordVisibilityTest" time="0.037" classname="com.ijmeet.functionaltests.SignInPageTest">
>>>>>>> 92a3c74552fdeea781a8746f72751e33844b2746
    <failure type="org.openqa.selenium.NoSuchElementException" message="no such element: Unable to locate element: {&amp;quot;method&amp;quot;:&amp;quot;xpath&amp;quot;,&amp;quot;selector&amp;quot;:&amp;quot;//a[@class=&amp;apos;auth-link text-black&amp;apos;]&amp;quot;}
  (Session info: chrome=86.0.4240.75)
For documentation on this error, please visit: https://www.seleniumhq.org/exceptions/no_such_element.html
Build info: version: &amp;apos;3.141.59&amp;apos;, revision: &amp;apos;e82be7d358&amp;apos;, time: &amp;apos;2018-11-14T08:17:03&amp;apos;
System info: host: &amp;apos;DELL-PC&amp;apos;, ip: &amp;apos;192.168.42.194&amp;apos;, os.name: &amp;apos;Windows 7&amp;apos;, os.arch: &amp;apos;amd64&amp;apos;, os.version: &amp;apos;6.1&amp;apos;, java.version: &amp;apos;1.8.0_181&amp;apos;
Driver info: org.openqa.selenium.chrome.ChromeDriver
Capabilities {acceptInsecureCerts: false, browserName: chrome, browserVersion: 86.0.4240.75, chrome: {chromedriverVersion: 86.0.4240.22 (398b0743353ff..., userDataDir: C:\Users\Dell\AppData\Local...}, goog:chromeOptions: {debuggerAddress: localhost:55643}, javascriptEnabled: true, networkConnectionEnabled: false, pageLoadStrategy: normal, platform: WINDOWS, platformName: WINDOWS, proxy: Proxy(), setWindowRect: true, strictFileInteractability: false, timeouts: {implicit: 0, pageLoad: 300000, script: 30000}, unhandledPromptBehavior: dismiss and notify, webauthn:virtualAuthenticators: true}
Session ID: 6c4352fbc11b175410cba982ccddeac8
*** Element info: {Using=xpath, value=//a[@class=&amp;apos;auth-link text-black&amp;apos;]}">
      <![CDATA[org.openqa.selenium.NoSuchElementException: no such element: Unable to locate element: {"method":"xpath","selector":"//a[@class='auth-link text-black']"}
  (Session info: chrome=86.0.4240.75)
For documentation on this error, please visit: https://www.seleniumhq.org/exceptions/no_such_element.html
Build info: version: '3.141.59', revision: 'e82be7d358', time: '2018-11-14T08:17:03'
System info: host: 'DELL-PC', ip: '192.168.42.194', os.name: 'Windows 7', os.arch: 'amd64', os.version: '6.1', java.version: '1.8.0_181'
Driver info: org.openqa.selenium.chrome.ChromeDriver
Capabilities {acceptInsecureCerts: false, browserName: chrome, browserVersion: 86.0.4240.75, chrome: {chromedriverVersion: 86.0.4240.22 (398b0743353ff..., userDataDir: C:\Users\Dell\AppData\Local...}, goog:chromeOptions: {debuggerAddress: localhost:55643}, javascriptEnabled: true, networkConnectionEnabled: false, pageLoadStrategy: normal, platform: WINDOWS, platformName: WINDOWS, proxy: Proxy(), setWindowRect: true, strictFileInteractability: false, timeouts: {implicit: 0, pageLoad: 300000, script: 30000}, unhandledPromptBehavior: dismiss and notify, webauthn:virtualAuthenticators: true}
Session ID: 6c4352fbc11b175410cba982ccddeac8
*** Element info: {Using=xpath, value=//a[@class='auth-link text-black']}
at sun.reflect.NativeConstructorAccessorImpl.newInstance0(Native Method)
at sun.reflect.NativeConstructorAccessorImpl.newInstance(NativeConstructorAccessorImpl.java:62)
at sun.reflect.DelegatingConstructorAccessorImpl.newInstance(DelegatingConstructorAccessorImpl.java:45)
at java.lang.reflect.Constructor.newInstance(Constructor.java:423)
at org.openqa.selenium.remote.http.W3CHttpResponseCodec.createException(W3CHttpResponseCodec.java:187)
at org.openqa.selenium.remote.http.W3CHttpResponseCodec.decode(W3CHttpResponseCodec.java:122)
at org.openqa.selenium.remote.http.W3CHttpResponseCodec.decode(W3CHttpResponseCodec.java:49)
at org.openqa.selenium.remote.HttpCommandExecutor.execute(HttpCommandExecutor.java:158)
at org.openqa.selenium.remote.service.DriverCommandExecutor.execute(DriverCommandExecutor.java:83)
at org.openqa.selenium.remote.RemoteWebDriver.execute(RemoteWebDriver.java:552)
at org.openqa.selenium.remote.RemoteWebDriver.findElement(RemoteWebDriver.java:323)
at org.openqa.selenium.remote.RemoteWebDriver.findElementByXPath(RemoteWebDriver.java:428)
at org.openqa.selenium.By$ByXPath.findElement(By.java:353)
at org.openqa.selenium.remote.RemoteWebDriver.findElement(RemoteWebDriver.java:315)
at org.openqa.selenium.support.pagefactory.DefaultElementLocator.findElement(DefaultElementLocator.java:69)
at org.openqa.selenium.support.pagefactory.internal.LocatingElementHandler.invoke(LocatingElementHandler.java:38)
at com.sun.proxy.$Proxy10.isDisplayed(Unknown Source)
at com.ijmeet.keywords.Keywords.isElementDisplayed(Keywords.java:132)
at com.ijmeet.pages.SignInpage.isForgotYourPasswordLinkVisible(SignInpage.java:49)
at com.ijmeet.functionaltests.SignInPageTest.verifyForgotYourPasswordVisibilityTest(SignInPageTest.java:82)
at sun.reflect.NativeMethodAccessorImpl.invoke0(Native Method)
at sun.reflect.NativeMethodAccessorImpl.invoke(NativeMethodAccessorImpl.java:62)
at sun.reflect.DelegatingMethodAccessorImpl.invoke(DelegatingMethodAccessorImpl.java:43)
at java.lang.reflect.Method.invoke(Method.java:498)
at org.testng.internal.MethodInvocationHelper.invokeMethod(MethodInvocationHelper.java:124)
at org.testng.internal.Invoker.invokeMethod(Invoker.java:583)
at org.testng.internal.Invoker.invokeTestMethod(Invoker.java:719)
at org.testng.internal.Invoker.invokeTestMethods(Invoker.java:989)
at org.testng.internal.TestMethodWorker.invokeTestMethods(TestMethodWorker.java:125)
at org.testng.internal.TestMethodWorker.run(TestMethodWorker.java:109)
at org.testng.TestRunner.privateRun(TestRunner.java:648)
at org.testng.TestRunner.run(TestRunner.java:505)
at org.testng.SuiteRunner.runTest(SuiteRunner.java:455)
at org.testng.SuiteRunner.runSequentially(SuiteRunner.java:450)
at org.testng.SuiteRunner.privateRun(SuiteRunner.java:415)
at org.testng.SuiteRunner.run(SuiteRunner.java:364)
at org.testng.SuiteRunnerWorker.runSuite(SuiteRunnerWorker.java:52)
at org.testng.SuiteRunnerWorker.run(SuiteRunnerWorker.java:84)
at org.testng.TestNG.runSuitesSequentially(TestNG.java:1208)
at org.testng.TestNG.runSuitesLocally(TestNG.java:1137)
at org.testng.TestNG.runSuites(TestNG.java:1049)
at org.testng.TestNG.run(TestNG.java:1017)
at org.testng.remote.AbstractRemoteTestNG.run(AbstractRemoteTestNG.java:115)
at org.testng.remote.RemoteTestNG.initAndRun(RemoteTestNG.java:251)
at org.testng.remote.RemoteTestNG.main(RemoteTestNG.java:77)
]]>
    </failure>
  </testcase> <!-- verifyForgotYourPasswordVisibilityTest -->
  <testcase name="verifyInvalidEmailAddressErrorTest" time="1.676" classname="com.ijmeet.functionaltests.SignInPageTest"/>
  <testcase name="verifyInvalidPasswordErrorTest" time="1.77" classname="com.ijmeet.functionaltests.SignInPageTest"/>
  <testcase name="verifyPasswordLabelVisibilityTest" time="0.06" classname="com.ijmeet.functionaltests.SignInPageTest"/>
  <testcase name="verifyPasswordTextboxVisibilityTest" time="0.045" classname="com.ijmeet.functionaltests.SignInPageTest"/>
  <testcase name="verifyRememberMeCheckboxclickabilityTest" time="0.088" classname="com.ijmeet.functionaltests.SignInPageTest"/>
  <testcase name="verifySignInButtonVisibilityTest" time="0.064" classname="com.ijmeet.functionaltests.SignInPageTest"/>
  <testcase name="verifySignInTextVisibility" time="0.065" classname="com.ijmeet.functionaltests.SignInPageTest"/>
  <testcase name="verifySignUplinkClickabilityTest" time="2.254" classname="com.ijmeet.functionaltests.SignInPageTest"/>
  <testcase name="verifySignUplinkVisibilityTest" time="0.055" classname="com.ijmeet.functionaltests.SignInPageTest"/>
  <testcase name="verifySinInWithFacebookButtonClickabilityTest" time="5.022" classname="com.ijmeet.functionaltests.SignInPageTest"/>
  <testcase name="verifySinInWithFacebookButtonVisibilityTest" time="0.105" classname="com.ijmeet.functionaltests.SignInPageTest"/>
  <testcase name="verifySinInWithGoogleButtonClickabilityTest" time="3.567" classname="com.ijmeet.functionaltests.SignInPageTest"/>
  <testcase name="verifySinInWithGoogleButtonVisibilityTest" time="0.071" classname="com.ijmeet.functionaltests.SignInPageTest"/>
  <testcase name="verifyTitleOnSignInPage" time="0.011" classname="com.ijmeet.functionaltests.SignInPageTest"/>
>>>>>>> 1c517085e7cc743aab6810753640f6f556d93ea5
</testsuite> <!-- Default test -->
